//SYS API v1+ CHANGE LOG//

[12/02/2017] - v1.0.5:
	-Added Stack Trace methods to Sys class.
	-Added 'URLAntiCache' method to Sys class.
	-Split 'SystemInfo' methods into Info class.
	-Purged unneeded comments and operations from package.
	-Updated 'SysUpdateDownloader' to ignore /Plugins/SysAPI/Documentation.txt in v1.0.5 and up.
	-Added 'Wiki Documentation' toolbar button.
	-Removed 'More Information' toolbar button.
	-Simplified 'Artithmetic Methods'.
	-Added 'LogError' methods into the Sys class.
	-Removed unneeded 'import' functions from 'Sys_API_JS_Example.js'.
	-Implemented Sys Message Library to github source for detailed debugging and fixes.
	-Added 'FileCheck' and 'DirectoryCheck' methods to the Sys class.
	-Added 'DeviceDefaultStorage' method to Sys class.
	-Updated Documentation.
	-Minor bug fixes.
	-Updated Sys.Log operations.
	-Compiled new Unity Asset Package file'SystemInformationLogger_v1.0.0_EditorStandalone.unitypackage' file.
	-Compiled updated Unity Asset Package file as 'UnityEngine.Sys_API_v1.0.5.unitypackage' file.

[10/13/2017] - v1.0.4b:
	-Changed 'Hash Code Generation Methods' to 'Unique Identifier Generation Methods'.
	-Updated GitHub repositories to 1.0.4b.
	-Swiched update repo host from pastebin to github.
	
[10/13/2017] - v1.0.4:
	-Added new dependencies to update package. ('SystemInformationLogger.cs', 'Sys_API_CSharp_Example.cs', 'Sys_API_JS_Example.js', 'Documentation.txt', and 'change.log')
	-Increased update notifications.
	-Added 'primitive' connection checking to update downloader.
	-Minor bug fixes.
	-Compiled updated Unity Asset Package file as 'UnityEngine.Sys_API_v1.0.4.unitypackage' file.

[10/13/2017] - v1.0.3c:
	-Created 'SystemInformationLogger.cs' standalone editor script.
	-Implemented 'Sys API Error Coding System'.
	-Minor fixes/updates.

[10/11/2017] - v1.0.3b:
	-Added Force Update method in the event of SYS_MASTER file corruption or compile error.
	-Tweaked SYS Editor Window GUI layouts.
	-Minor bug fixes.
	-Compiled updated Unity Asset Package file as 'UnityEngine.Sys_API_v1.0.3b.unitypackage' file.


[10/10/2017] - v1.0.3:
	-Created bundle manager script as 'SysOptions.cs'.
	-Created 'SysUpdateDownloader.cs' to check for and download future 'SYS_MASTER.cs' updates.
	-Revised 'Documentation.txt'.
	-Reorganized Assets.
	-Added Menu Option'/Tools/Sys Api/Options'.
	-Added Menu Option'/Tools/Sys Api/Examples'.
	-Added Menu Option'/Tools/Sys Api/Documentation'.
	-Added Menu Option'/Tools/Sys Api/More Information'.
	-Minor bug fixes.
	-Compiled updated Unity Asset Package file as 'UnityEngine.Sys_API_v1.0.3.unitypackage' file.

[09/21/2017] - v1.0.2:
	-Added Basic Arethmetic Methods to 'SYS_MASTER.cs'.
	-Added Hash Code Generation to 'SYS_MASTER.cs'.
	-Updated 'Sys_API_Example' files with hash code generation examples.
	-Updated 'Documentation.txt'.
	-Compiled updated Unity Asset Package file as 'UnityEngine.Sys_API_v1.0.2.unitypackage' file.

[09/20/2017] - v1.0.1:
	-Renamed master file from 'AdvSysInfo.cs' to 'SYS_MASTER.cs'.
	-Added 'ReadFile()' & 'SaveFile()' methods to 'SYS_MASTER.cs'.
	-Added Inspector Attributes to 'Sys_API_Example.cs'.
	-Added 'Sys_API_Example.js' from 'Sys_API_Example.cs' conversion.
	-Moved 'SYS_MASTER.cs' from '/Assets/Scripts' to 'Assets/Plugins' directory.
	-Renamed miscellanous private variables in 'SYS_MASTER.cs'.
	-Fixed 'UnauthorizedAccessException' bug in 'Sys.SaveSystemInfo()' methods.
	-Fixed Sys Log auto clear cache bug.
	-Tweaked directory checking operations.
	-Updated 'Documentation.txt'.
	-Compiled updated Unity Asset Package file as 'UnityEngine.Sys_API_v1.0.1.unitypackage' file.

[09/18/2017] - v1.0.0:
	-Created and Compiled initial alpha build files.
	-Created 'Documentation.txt'.
	-Compiled updated Unity Asset Package file as 'UnityEngine.Sys_API_v1.0.0.unitypackage' file.
